

Pos(-1.17126e-05, 1.66204e-16) | Vel(-2.52581e-18, 2.95467e-17) | Acc(7.64516e-16, -3.45416e-16) | Fuel 100% RPM [                              ]
Pos(-1.17126e-05, 1.66893e-16) | Vel(-1.92764e-18, 2.81409e-17) | Acc(7.29776e-16, -3.08216e-16) | Fuel 100% RPM [                              ]
Pos(-1.17126e-05, 1.67591e-16) | Vel(-4.1222e-18, 2.87622e-17) | Acc(8.5659e-17, -3.93615e-16) | Fuel 100% RPM [                              ]
Pos(-1.17126e-05, 1.68516e-16) | Vel(-3.72307e-18, 2.99482e-17) | Acc(-8.12006e-16, 1.10814e-15) | Fuel 100% RPM [                              ]
Pos(-1.17126e-05, 1.68857e-16) | Vel(-4.92016e-18, 2.9342e-17) | Acc(-7.02751e-16, 1.15924e-15) | Fuel 100% RPM [                              ]
Pos(-1.17126e-05, 1.69373e-16) | Vel(-3.3241e-18, 2.93401e-17) | Acc(4.94597e-17, -3.54647e-16) | Fuel 100% RPM [                              ]
Pos(-1.17126e-05, 1.70231e-16) | Vel(-2.72546e-18, 2.93586e-17) | Acc(-4.33169e-17, -4.54234e-16) | Fuel 100% RPM [                              ]
Pos(-1.17126e-05, 1.7081e-16) | Vel(-5.30956e-19, 2.81687e-17) | Acc(6.06738e-16, -2.50332e-16) | Fuel 100% RPM [                              ]
Pos(-1.17126e-05, 1.71396e-16) | Vel(-2.7256e-18, 2.95401e-17) | Acc(-2.51301e-17, -4.41756e-16) | Fuel 100% RPM [                              ]
Pos(-1.17126e-05, 1.72216e-16) | Vel(-1.32905e-18, 2.87448e-17) | Acc(6.75112e-16, -3.60919e-16) | Fuel 100% RPM [                              ]
Pos(-1.17126e-05, 1.7263e-16) | Vel(-3.32406e-18, 2.9549e-17) | Acc(4.81042e-17, -4.51187e-16) | Fuel 100% RPM [                              ]
Pos(-1.17126e-05, 1.73313e-16) | Vel(-1.72793e-18, 2.75579e-17) | Acc(7.61616e-16, -2.65613e-16) | Fuel 100% RPM [                              ]
Pos(-1.17126e-05, 1.73946e-16) | Vel(-5.11973e-18, 2.97427e-17) | Acc(-6.27081e-16, 1.06909e-15) | Fuel 100% RPM [                              ]
Pos(-1.17126e-05, 1.74857e-16) | Vel(-3.72312e-18, 2.87426e-17) | Acc(8.47008e-17, -3.46647e-16) | Fuel 100% RPM [                              ]
Pos(-1.17126e-05, 1.75255e-16) | Vel(-3.32428e-18, 2.73703e-17) | Acc(3.60036e-17, -2.20332e-16) | Fuel 100% RPM [                              ]
Pos(-1.17126e-05, 1.75831e-16) | Vel(-2.92504e-18, 2.97234e-17) | Acc(-4.29453e-17, -3.48174e-16) | Fuel 100% RPM [                              ]
Pos(-1.17126e-05, 1.76732e-16) | Vel(4.66554e-19, 2.77452e-17) | Acc(4.81082e-16, -2.65307e-16) | Fuel 100% RPM [                              ]
Pos(-1.17126e-05, 1.77699e-16) | Vel(-3.32407e-18, 2.7947e-17) | Acc(8.60775e-16, -2.88122e-16) | Fuel 100% RPM [                              ]
Pos(-1.17126e-05, 1.78649e-16) | Vel(1.26463e-18, 2.63584e-17) | Acc(4.66356e-16, -1.6473e-16) | Fuel 100% RPM [                              ]
Pos(-1.17126e-05, 1.79276e-16) | Vel(-3.32424e-18, 2.85327e-17) | Acc(-3.08361e-18, -3.53066e-16) | Fuel 100% RPM [                              ]
Pos(-1.17126e-05, 1.80189e-16) | Vel(-5.11971e-18, 3.11029e-17) | Acc(-6.65963e-16, 1.0689e-15) | Fuel 100% RPM [                              ]
Pos(-1.17126e-05, 1.80995e-16) | Vel(-2.52608e-18, 2.83458e-17) | Acc(-2.173e-17, -3.07375e-16) | Fuel 100% RPM [                              ]
Pos(-1.17126e-05, 1.81516e-16) | Vel(-4.92035e-18, 2.95384e-17) | Acc(-6.83995e-16, 1.14992e-15) | Fuel 100% RPM [                              ]
Pos(-1.17126e-05, 1.82152e-16) | Vel(-2.12713e-18, 2.81499e-17) | Acc(-1.08287e-16, -3.42323e-16) | Fuel 100% RPM [                              ]
Pos(-1.17126e-05, 1.83161e-16) | Vel(-2.32644e-18, 2.83406e-17) | Acc(-1.37632e-16, -3.327e-16) | Fuel 100% RPM [                              ]
Pos(-1.17126e-05, 1.83911e-16) | Vel(-3.72316e-18, 2.91409e-17) | Acc(2.4259e-18, -3.65286e-16) | Fuel 100% RPM [                              ]
Pos(-1.17126e-05, 1.84423e-16) | Vel(-4.52106e-18, 2.97289e-17) | Acc(9.16347e-16, -4.23056e-16) | Fuel 100% RPM [                              ]
Pos(-1.17126e-05, 1.85378e-16) | Vel(-4.3216e-18, 2.65672e-17) | Acc(9.32596e-17, -1.38981e-16) | Fuel 100% RPM [                              ]
Pos(-1.17126e-05, 1.86231e-16) | Vel(-4.92026e-18, 2.95242e-17) | Acc(-7.20011e-16, 1.10852e-15) | Fuel 100% RPM [                              ]
Pos(-1.17126e-05, 1.86695e-16) | Vel(-4.12226e-18, 3.02965e-17) | Acc(-7.48988e-16, 1.03282e-15) | Fuel 100% RPM [                              ]
Pos(-1.17126e-05, 1.87328e-16) | Vel(-3.52368e-18, 2.89178e-17) | Acc(-1.23437e-17, -3.57101e-16) | Fuel 100% RPM [                              ]
Pos(-1.17126e-05, 1.87889e-16) | Vel(6.66085e-19, 2.67678e-17) | Acc(4.35916e-16, -1.6666e-16) | Fuel 100% RPM [                              ]
Pos(-1.17126e-05, 1.88695e-16) | Vel(-4.9202e-18, 3.05583e-17) | Acc(-7.21276e-16, 1.10459e-15) | Fuel 100% RPM [                              ]
Pos(-1.17126e-05, 1.89156e-16) | Vel(-5.51856e-18, 2.83849e-17) | Acc(1.42933e-16, -2.95253e-16) | Fuel 100% RPM [                              ]
Pos(-1.17126e-05, 1.89787e-16) | Vel(-3.32417e-18, 2.81906e-17) | Acc(-2.96264e-17, -3.14361e-16) | Fuel 100% RPM [                              ]
Pos(-1.17126e-05, 1.90354e-16) | Vel(-2.52611e-18, 2.91749e-17) | Acc(7.2849e-16, -2.5388e-16) | Fuel 100% RPM [                              ]
Pos(-1.17126e-05, 1.90949e-16) | Vel(-5.31906e-18, 3.01549e-17) | Acc(-7.11063e-16, 1.09113e-15) | Fuel 100% RPM [                              ]
Pos(-1.17126e-05, 1.91704e-16) | Vel(-2.3265e-18, 2.75768e-17) | Acc(-1.28779e-16, -2.48813e-16) | Fuel 100% RPM [                              ]
Pos(-1.17126e-05, 1.92214e-16) | Vel(-3.72315e-18, 2.71922e-17) | Acc(-1.36596e-18, -1.68933e-16) | Fuel 100% RPM [                              ]
Pos(-1.17126e-05, 1.92778e-16) | Vel(2.67175e-19, 2.71472e-17) | Acc(4.9634e-16, -2.47635e-16) | Fuel 100% RPM [                              ]
Pos(-1.17126e-05, 1.93464e-16) | Vel(-5.11963e-18, 2.93544e-17) | Acc(2.12725e-16, -3.35976e-16) | Fuel 100% RPM [                              ]
Pos(-1.17126e-05, 1.93973e-16) | Vel(-4.12217e-18, 3.01503e-17) | Acc(8.93528e-16, -3.2637e-16) | Fuel 100% RPM [                              ]
Pos(-1.17126e-05, 1.94667e-16) | Vel(-2.52616e-18, 2.79706e-17) | Acc(-4.58368e-17, -2.84661e-16) | Fuel 100% RPM [                              ]
Pos(-1.17126e-05, 1.95284e-16) | Vel(2.67032e-19, 2.67614e-17) | Acc(4.98573e-16, -1.71095e-16) | Fuel 100% RPM [                              ]
Pos(-1.17126e-05, 1.96076e-16) | Vel(-4.52105e-18, 2.89379e-17) | Acc(9.4008e-16, -2.63939e-16) | Fuel 100% RPM [                              ]
Pos(-1.17126e-05, 1.9663e-16) | Vel(-2.72553e-18, 2.89294e-17) | Acc(-7.52058e-17, -3.40646e-16) | Fuel 100% RPM [                              ]
Pos(-1.17126e-05, 1.9715e-16) | Vel(-4.72071e-18, 2.83293e-17) | Acc(1.79642e-16, -2.7765e-16) | Fuel 100% RPM [                              ]
Pos(-1.17126e-05, 1.97775e-16) | Vel(-2.72554e-18, 2.79608e-17) | Acc(-3.43155e-17, -2.23171e-16) | Fuel 100% RPM [                              ]
Pos(-1.17126e-05, 1.98408e-16) | Vel(-4.32158e-18, 2.89404e-17) | Acc(1.15515e-16, -3.62463e-16) | Fuel 100% RPM [                              ]
Pos(-1.17126e-05, 1.99015e-16) | Vel(-2.72544e-18, 2.75456e-17) | Acc(7.42648e-16, -2.12369e-16) | Fuel 100% RPM [                              ]
Pos(-1.17126e-05, 1.99659e-16) | Vel(-5.11964e-18, 2.9718e-17) | Acc(1.63306e-16, -4.21037e-16) | Fuel 100% RPM [                              ]
Pos(-1.17126e-05, 2.00293e-16) | Vel(-3.32409e-18, 2.85294e-17) | Acc(6.70655e-18, -3.85506e-16) | Fuel 100% RPM [                              ]
Pos(-1.17126e-05, 2.0116e-16) | Vel(-4.91999e-18, 2.9541e-17) | Acc(1.78977e-16, -3.33506e-16) | Fuel 100% RPM [                              ]
Pos(-1.17126e-05, 2.01617e-16) | Vel(-2.12691e-18, 2.79592e-17) | Acc(7.30833e-16, -2.78455e-16) | Fuel 100% RPM [                              ]
Pos(-1.17126e-05, 2.022e-16) | Vel(-3.32414e-18, 2.7375e-17) | Acc(3.28468e-17, -2.28079e-16) | Fuel 100% RPM [                              ]
Pos(-1.17126e-05, 2.02993e-16) | Vel(-3.52358e-18, 2.69812e-17) | Acc(4.63141e-17, -1.19028e-16) | Fuel 100% RPM [                              ]
Pos(-1.17126e-05, 2.03528e-16) | Vel(-2.72544e-18, 2.63908e-17) | Acc(-5.83614e-17, -1.11435e-16) | Fuel 100% RPM [                              ]
Pos(-1.17126e-05, 2.04084e-16) | Vel(-2.9249e-18, 2.75749e-17) | Acc(-4.62342e-18, -2.22283e-16) | Fuel 100% RPM [                              ]
Pos(-1.17126e-05, 2.04708e-16) | Vel(-2.52603e-18, 2.69892e-17) | Acc(-8.94539e-17, -2.39644e-16) | Fuel 100% RPM [                              ]
Pos(-1.17126e-05, 2.05294e-16) | Vel(6.66166e-19, 2.9742e-17) | Acc(-3.40908e-16, 1.12107e-15) | Fuel 100% RPM [                              ]
Pos(-1.17126e-05, 2.0586e-16) | Vel(-4.32164e-18, 2.9348e-17) | Acc(-7.77233e-16, 1.09197e-15) | Fuel 100% RPM [                              ]
Pos(-1.17126e-05, 2.06544e-16) | Vel(-4.32173e-18, 2.77455e-17) | Acc(1.09891e-16, -2.96044e-16) | Fuel 100% RPM [                              ]
Pos(-1.17126e-05, 2.07392e-16) | Vel(-4.32162e-18, 2.95307e-17) | Acc(-7.87004e-16, 1.15074e-15) | Fuel 100% RPM [                              ]
Pos(-1.17126e-05, 2.07787e-16) | Vel(-3.92282e-18, 2.83534e-17) | Acc(8.08673e-17, -3.9633e-16) | Fuel 100% RPM [                              ]
Pos(-1.17126e-05, 2.08357e-16) | Vel(-5.30955e-19, 2.83708e-17) | Acc(-1.61564e-16, -3.61877e-16) | Fuel 100% RPM [                              ]
Pos(-1.17126e-05, 2.08995e-16) | Vel(-1.12957e-18, 2.93651e-17) | Acc(-1.82394e-16, -3.20649e-16) | Fuel 100% RPM [                              ]
Pos(-1.17126e-05, 2.09283e-16) | Vel(-3.12459e-18, 2.8583e-17) | Acc(-6.63698e-17, -3.16564e-16) | Fuel 100% RPM [                              ]
Pos(-1.17126e-05, 2.10147e-16) | Vel(-2.3267e-18, 2.63899e-17) | Acc(-5.16449e-17, -2.13205e-16) | Fuel 100% RPM [                              ]
Pos(-1.17126e-05, 2.10771e-16) | Vel(-3.92263e-18, 2.91523e-17) | Acc(5.15627e-17, -3.61908e-16) | Fuel 100% RPM [                              ]
Pos(-1.17126e-05, 2.1135e-16) | Vel(-2.32654e-18, 2.83652e-17) | Acc(-1.07436e-16, -2.68022e-16) | Fuel 100% RPM [                              ]
Pos(-1.17126e-05, 2.11931e-16) | Vel(-5.31921e-18, 3.01496e-17) | Acc(-6.17422e-16, 1.0826e-15) | Fuel 100% RPM [                              ]
Pos(-1.17126e-05, 2.12733e-16) | Vel(-3.72327e-18, 2.8341e-17) | Acc(2.85531e-17, -2.80534e-16) | Fuel 100% RPM [                              ]
Pos(0.000757677, 7.95114e-05) | Vel(0.128398, 0.0138202) | Acc(12.8963, 1.54289) | Fuel 99.9998% RPM [                              ]
Pos(0.00693177, 0.000516706) | Vel(0.340373, 0.00847351) | Acc(7.25432, -1.21345) | Fuel 99.9996% RPM [#                             ]
Pos(0.0267954, 0.000455162) | Vel(0.686434, 0.00688938) | Acc(-0.000941725, 1.26539e-05) | Fuel 99.9994% RPM [####                          ]
Pos(0.0528113, 0.00101192) | Vel(0.914104, 0.0235057) | Acc(-0.00266837, -2.56953e-05) | Fuel 99.9992% RPM [#####                         ]
Pos(0.0853953, 0.00271142) | Vel(1.07965, 0.069202) | Acc(-0.00353237, -0.000242144) | Fuel 99.999% RPM [######                        ]
Pos(0.121197, 0.00544899) | Vel(1.2357, 0.112508) | Acc(-0.0094226, -0.000565412) | Fuel 99.9988% RPM [#######                       ]
Pos(0.154029, 0.00917877) | Vel(1.30321, 0.162953) | Acc(-0.0131843, -0.0014204) | Fuel 99.9986% RPM [#######                       ]
Pos(0.186336, 0.013715) | Vel(1.36309, 0.199364) | Acc(-0.0175775, -0.00240871) | Fuel 99.9984% RPM [########                      ]
Pos(0.228433, 0.0215997) | Vel(1.41723, 0.301309) | Acc(-0.0219743, -0.00434729) | Fuel 99.9982% RPM [########                      ]
Pos(0.270218, 0.0314732) | Vel(1.51637, 0.385819) | Acc(-0.0286393, -0.00719055) | Fuel 99.9978% RPM [#########                     ]
Pos(0.310099, 0.043102) | Vel(1.55092, 0.459063) | Acc(-0.0305695, -0.00958604) | Fuel 99.9974% RPM [#########                     ]
Pos(0.367699, 0.0622176) | Vel(1.6637, 0.648433) | Acc(59.4134, 32.4978) | Fuel 99.9972% RPM [#########                     ]
Pos(0.397638, 0.073886) | Vel(1.66291, 0.648088) | Acc(-0.0424032, -0.0196199) | Fuel 99.9969% RPM [##########                    ]
Pos(0.438164, 0.090176) | Vel(1.74062, 0.740367) | Acc(-0.0479945, -0.0249037) | Fuel 99.9966% RPM [###########                   ]
Pos(0.485023, 0.113223) | Vel(1.69226, 0.859137) | Acc(-0.0475006, -0.0305255) | Fuel 99.9964% RPM [###########                   ]
Pos(0.531649, 0.140017) | Vel(1.67346, 0.988606) | Acc(-0.0458064, -0.0350775) | Fuel 99.9961% RPM [###########                   ]
Pos(0.572182, 0.165762) | Vel(1.71433, 1.21127) | Acc(-0.0465247, -0.0400308) | Fuel 99.9959% RPM [############                  ]
Pos(0.617049, 0.200227) | Vel(1.5389, 1.32201) | Acc(-0.0433583, -0.0444705) | Fuel 99.9957% RPM [############                  ]
Pos(0.65704, 0.237054) | Vel(1.5374, 1.52119) | Acc(-0.0410124, -0.0502697) | Fuel 99.9955% RPM [############                  ]
Pos(0.705259, 0.289651) | Vel(1.43688, 1.81162) | Acc(-10.5192, 19.6983) | Fuel 99.9953% RPM [#############                 ]
Pos(0.738578, 0.332784) | Vel(1.37831, 1.79393) | Acc(-0.0299333, -0.0502918) | Fuel 99.9951% RPM [#############                 ]
Pos(0.78121, 0.392909) | Vel(1.14949, 1.80428) | Acc(-25.9729, 9.20448) | Fuel 99.995% RPM [############                  ]
Pos(0.800012, 0.425947) | Vel(1.03324, 1.83812) | Acc(-0.0140622, -0.0348642) | Fuel 99.9948% RPM [############                  ]
Pos(0.829079, 0.484966) | Vel(0.814281, 1.84439) | Acc(-21.0728, -0.158575) | Fuel 99.9947% RPM [############                  ]
Pos(0.847857, 0.53184) | Vel(0.678852, 1.74723) | Acc(-0.00497767, -0.0173495) | Fuel 99.9946% RPM [###########                   ]
Pos(0.863161, 0.573558) | Vel(0.523941, 1.7134) | Acc(-11.987, -3.06909) | Fuel 99.9945% RPM [##########                    ]
Pos(0.875558, 0.617619) | Vel(0.457197, 1.67667) | Acc(-8.89912, -8.91992) | Fuel 99.9944% RPM [##########                    ]
Pos(0.885796, 0.658703) | Vel(0.36949, 1.49708) | Acc(-0.0010531, -0.00468992) | Fuel 99.9943% RPM [#########                     ]
Pos(0.895771, 0.69945) | Vel(0.335997, 1.39146) | Acc(-0.00112784, -0.00729796) | Fuel 99.9943% RPM [########                      ]
Pos(0.903964, 0.739202) | Vel(0.233598, 1.27151) | Acc(-4.28979, -7.6503) | Fuel 99.9942% RPM [#######                       ]
Pos(0.909054, 0.767901) | Vel(0.202466, 1.13724) | Acc(-0.000345871, -0.00268636) | Fuel 99.9942% RPM [######                        ]
Pos(0.916112, 0.812587) | Vel(0.130467, 0.938643) | Acc(-0.000110495, -0.000951186) | Fuel 99.9941% RPM [#####                         ]
Pos(0.919792, 0.841566) | Vel(0.0783115, 0.706102) | Acc(-4.08151, -13.4983) | Fuel 99.9941% RPM [####                          ]
Pos(0.920986, 0.862351) | Vel(0.0177395, 0.624067) | Acc(-0.747242, -1.30882) | Fuel 99.9941% RPM [###                           ]
Pos(0.920999, 0.882796) | Vel(-0.0180376, 0.5227) | Acc(-1.2243, -1.66899) | Fuel 99.994% RPM [###                           ]
Pos(0.9202, 0.895925) | Vel(-0.0374273, 0.492097) | Acc(-0.352358, -0.95495) | Fuel 99.994% RPM [##                            ]
Pos(0.919314, 0.906515) | Vel(-0.0419997, 0.472797) | Acc(-0.126454, -0.819205) | Fuel 99.9939% RPM [##                            ]
Pos(0.918101, 0.919426) | Vel(-0.0441017, 0.451454) | Acc(-0.0449213, -0.700689) | Fuel 99.9939% RPM [##                            ]
Pos(0.916788, 0.931628) | Vel(-0.0524511, 0.415868) | Acc(-0.561431, -1.66358) | Fuel 99.9939% RPM [##                            ]
Pos(0.914928, 0.943318) | Vel(-0.0704587, 0.36741) | Acc(-0.603669, -1.52798) | Fuel 99.9938% RPM [##                            ]
Pos(0.912535, 0.953624) | Vel(-0.0875459, 0.323033) | Acc(-0.530315, -1.43062) | Fuel 99.9938% RPM [##                            ]
Pos(0.909676, 0.962644) | Vel(-0.101543, 0.281632) | Acc(-0.41262, -1.31872) | Fuel 99.9938% RPM [#                             ]
Pos(0.907123, 0.968993) | Vel(-0.110064, 0.250268) | Acc(-0.312562, -1.27133) | Fuel 99.9938% RPM [#                             ]
Pos(0.904415, 0.972992) | Vel(-0.0993388, 0.0877228) | Acc(0.381995, -6.37506) | Fuel 99.9937% RPM [                              ]
Pos(0.902149, 0.973177) | Vel(-0.0912698, -0.0376316) | Acc(0.00148823, -0.00755298) | Fuel 99.9935% RPM [                              ]
Pos(0.900307, 0.970208) | Vel(-0.0563542, -0.19838) | Acc(2.57266, -5.89895) | Fuel 99.9934% RPM [#                             ]
Pos(0.899514, 0.964126) | Vel(-0.0178107, -0.288208) | Acc(1.36108, -3.24443) | Fuel 99.9933% RPM [#                             ]
Pos(0.899543, 0.949391) | Vel(0.0144007, -0.427496) | Acc(2.28503, 7.13428) | Fuel 99.9932% RPM [##                            ]
Pos(0.900182, 0.942284) | Vel(0.0481763, -0.361986) | Acc(1.20024, 4.23032) | Fuel 99.9931% RPM [##                            ]
Pos(0.90179, 0.932652) | Vel(0.0795822, -0.443839) | Acc(0.000366484, -0.000198949) | Fuel 99.9931% RPM [##                            ]
Pos(0.903945, 0.921572) | Vel(0.0909199, -0.409874) | Acc(0.000181348, -0.000609525) | Fuel 99.993% RPM [##                            ]
Pos(0.907626, 0.911805) | Vel(0.0387384, 0.0778514) | Acc(0.000265682, -0.00106414) | Fuel 99.9926% RPM [                              ]
Pos(0.907969, 0.915414) | Vel(0.00340961, 0.251238) | Acc(-4.76349, 25.7849) | Fuel 99.9922% RPM [#                             ]
Pos(0.907565, 0.923588) | Vel(-0.0248099, 0.443467) | Acc(0.000853413, -0.0015274) | Fuel 99.9918% RPM [##                            ]
Pos(0.905819, 0.940898) | Vel(-0.106569, 0.828828) | Acc(-18.2686, 91.5561) | Fuel 99.9914% RPM [###                           ]
Pos(0.90325, 0.95974) | Vel(-0.108014, 0.708247) | Acc(-0.533218, -41.9007) | Fuel 99.9914% RPM [####                          ]
Pos(0.900199, 0.977469) | Vel(-0.108989, 0.633181) | Acc(-0.000301102, 0.00024334) | Fuel 99.9913% RPM [###                           ]
Pos(0.896086, 0.996414) | Vel(-0.181742, 0.683773) | Acc(0.00245415, -0.00840833) | Fuel 99.9911% RPM [####                          ]
Pos(0.891806, 1.01032) | Vel(-0.210631, 0.536426) | Acc(0.00560351, -0.0247928) | Fuel 99.9908% RPM [###                           ]
Pos(0.886753, 1.02319) | Vel(-0.210505, 0.535985) | Acc(0.00530614, -0.0134998) | Fuel 99.9904% RPM [###                           ]
Pos(0.882123, 1.03498) | Vel(-0.210346, 0.535683) | Acc(0.00936636, -0.0156415) | Fuel 99.9903% RPM [###                           ]
Pos(0.876208, 1.04537) | Vel(-0.157412, 0.25147) | Acc(0.000697835, 0.000624487) | Fuel 99.9902% RPM [#                             ]
Pos(0.87369, 1.0494) | Vel(-0.157404, 0.251444) | Acc(0.000787802, -0.00416646) | Fuel 99.99% RPM [#                             ]
Pos(0.869865, 1.05147) | Vel(-0.051231, -0.0734969) | Acc(3.51695, -5.92669) | Fuel 99.9896% RPM [                              ]
Pos(0.869196, 1.05033) | Vel(-0.0478098, -0.0377449) | Acc(-1.96586, 7.48638) | Fuel 99.9892% RPM [                              ]
Pos(0.866427, 1.05353) | Vel(-0.144588, 0.222982) | Acc(0.00199437, -0.00336447) | Fuel 99.9888% RPM [#                             ]
Pos(0.860991, 1.06217) | Vel(-0.302649, 0.479612) | Acc(-45.0312, 70.0629) | Fuel 99.9884% RPM [##                            ]
Pos(0.847939, 1.08248) | Vel(-0.435116, 0.670105) | Acc(0.00101535, -0.00308488) | Fuel 99.988% RPM [####                          ]
Pos(0.840107, 1.09454) | Vel(-0.435083, 0.67005) | Acc(0.00304883, -0.00397364) | Fuel 99.9876% RPM [####                          ]
Pos(0.827329, 1.11401) | Vel(-0.636919, 0.963416) | Acc(0.00385418, -0.00570621) | Fuel 99.9872% RPM [######                        ]
Pos(0.818413, 1.1275) | Vel(-0.636865, 0.963336) | Acc(0.00392144, -0.00564471) | Fuel 99.9868% RPM [######                        ]
Pos(0.785858, 1.17304) | Vel(-0.863137, 1.15686) | Acc(0.00467598, -0.00868955) | Fuel 99.9864% RPM [########                      ]
Pos(0.767454, 1.19613) | Vel(-0.950839, 1.12983) | Acc(-0.758947, -4.49405) | Fuel 99.9861% RPM [########                      ]
Pos(0.733724, 1.23442) | Vel(-1.1697, 1.2722) | Acc(0.00848635, -0.00980214) | Fuel 99.9857% RPM [##########                    ]
Pos(0.703315, 1.2675) | Vel(-1.16947, 1.27195) | Acc(0.00879624, -0.00946837) | Fuel 99.9853% RPM [##########                    ]
Pos(0.671265, 1.30142) | Vel(-1.37502, 1.37423) | Acc(0.0158498, -0.0158167) | Fuel 99.9849% RPM [###########                   ]
Pos(0.627185, 1.34463) | Vel(-1.38801, 1.252) | Acc(-1.04244, -10.829) | Fuel 99.9845% RPM [###########                   ]
Pos(0.599126, 1.36822) | Vel(-1.41765, 1.14236) | Acc(-1.78516, -2.9158) | Fuel 99.9841% RPM [##########                    ]
Pos(0.566589, 1.39313) | Vel(-1.67859, 1.19975) | Acc(0.0214521, -0.0164339) | Fuel 99.9837% RPM [############                  ]
Pos(0.512886, 1.43151) | Vel(-1.67789, 1.19925) | Acc(0.0224208, -0.0150268) | Fuel 99.9833% RPM [############                  ]
Pos(0.463706, 1.46415) | Vel(-2.1277, 1.2942) | Acc(0.0403893, -0.0254955) | Fuel 99.9829% RPM [##############                ]
Pos(0.408625, 1.49666) | Vel(-2.09511, 1.11785) | Acc(1.36922, -13.4835) | Fuel 99.9825% RPM [##############                ]
Pos(0.337486, 1.53317) | Vel(-2.09167, 1.07215) | Acc(0.0404224, -0.0165687) | Fuel 99.9822% RPM [##############                ]
Pos(0.295843, 1.55244) | Vel(-2.07298, 0.849348) | Acc(0.034064, -0.00996083) | Fuel 99.9818% RPM [#############                 ]
Pos(0.235408, 1.57446) | Vel(-2.5174, 0.844485) | Acc(-94.059, -1.17147) | Fuel 99.9814% RPM [##############                ]
Pos(0.160405, 1.59804) | Vel(-2.67774, 0.842015) | Acc(0.0726036, -0.0132892) | Fuel 99.9811% RPM [################              ]
Pos(0.0554694, 1.6271) | Vel(-2.97015, 0.798609) | Acc(0.0976277, -0.00791989) | Fuel 99.9809% RPM [##################            ]
Pos(0.00358751, 1.64018) | Vel(-2.79815, 0.657625) | Acc(0.104279, 0.00150589) | Fuel 99.9807% RPM [#################             ]
Pos(-0.0914872, 1.66254) | Vel(-2.79469, 0.657926) | Acc(-16.3511, -81.2593) | Fuel 99.9805% RPM [#################             ]
Pos(-0.182072, 1.67339) | Vel(-2.84139, 0.093816) | Acc(0.0587979, 0.0156953) | Fuel 99.9803% RPM [#################             ]
Pos(-0.238887, 1.67527) | Vel(-2.84025, 0.0941509) | Acc(0.0557293, 0.0176832) | Fuel 99.9801% RPM [#################             ]
Pos(-0.294148, 1.67682) | Vel(-2.68591, 0.0601953) | Acc(0.0587873, 0.0233073) | Fuel 99.9798% RPM [################              ]
Pos(-0.380191, 1.67214) | Vel(-2.68985, -0.230086) | Acc(0.0430819, 0.0223224) | Fuel 99.9796% RPM [################              ]
Pos(-0.450123, 1.66215) | Vel(-2.68951, -0.495679) | Acc(0.0367869, 0.0212506) | Fuel 99.9794% RPM [################              ]
Pos(-0.514661, 1.64791) | Vel(-2.68648, -0.724061) | Acc(1.28525, -55.2073) | Fuel 99.9792% RPM [################              ]
Pos(-0.593194, 1.62396) | Vel(-2.49277, -0.825039) | Acc(0.0305247, 0.022988) | Fuel 99.979% RPM [###############               ]
Pos(-0.652915, 1.60341) | Vel(-2.47611, -0.950543) | Acc(0.0258962, 0.0220419) | Fuel 99.9788% RPM [###############               ]
Pos(-0.733861, 1.56718) | Vel(-2.29245, -1.11655) | Acc(0.0219455, 0.0213831) | Fuel 99.9787% RPM [###############               ]
Pos(-0.788376, 1.53936) | Vel(-2.22159, -1.26256) | Acc(0.0170689, 0.0188884) | Fuel 99.9785% RPM [###############               ]
Pos(-0.85829, 1.49718) | Vel(-2.13811, -1.3877) | Acc(0.0121687, 0.0148226) | Fuel 99.9783% RPM [###############               ]
Pos(-0.911669, 1.46056) | Vel(-1.93595, -1.41784) | Acc(0.0110498, 0.0143781) | Fuel 99.9782% RPM [##############                ]
Pos(-0.950296, 1.43206) | Vel(-1.891, -1.49367) | Acc(22.3866, -38.0365) | Fuel 99.978% RPM [##############                ]
Pos(-0.994834, 1.39499) | Vel(-1.85565, -1.54427) | Acc(0.00802283, 0.0115599) | Fuel 99.9778% RPM [##############                ]
Pos(-1.04318, 1.35118) | Vel(-1.624, -1.68586) | Acc(15.9575, -20.7778) | Fuel 99.9777% RPM [##############                ]
Pos(-1.08865, 1.30398) | Vel(-1.62387, -1.68561) | Acc(0.00477332, 0.00911882) | Fuel 99.9775% RPM [##############                ]
Pos(-1.13173, 1.2546) | Vel(-1.41597, -1.74557) | Acc(42.9816, 33.659) | Fuel 99.9773% RPM [##############                ]
Pos(-1.16822, 1.2093) | Vel(-1.33592, -1.72514) | Acc(0.00655744, 0.0129833) | Fuel 99.9771% RPM [#############                 ]
Pos(-1.20217, 1.16343) | Vel(-1.23963, -1.85001) | Acc(0.00370261, 0.0103569) | Fuel 99.9769% RPM [#############                 ]
Pos(-1.25016, 1.0878) | Vel(-1.14124, -1.95064) | Acc(0.00370815, 0.00878174) | Fuel 99.9768% RPM [#############                 ]
Pos(-1.2799, 1.03113) | Vel(-0.954111, -1.93004) | Acc(0.0054957, 0.014833) | Fuel 99.9764% RPM [############                  ]
Pos(-1.29898, 0.992534) | Vel(-0.954027, -1.92979) | Acc(0.00310544, 0.010371) | Fuel 99.976% RPM [############                  ]
Pos(-1.31997, 0.949776) | Vel(-0.952042, -2.08217) | Acc(0.963535, -76.3106) | Fuel 99.9756% RPM [############                  ]
Pos(-1.35022, 0.876217) | Vel(-0.842832, -2.12234) | Acc(0.00551184, 0.0275018) | Fuel 99.9752% RPM [#############                 ]
Pos(-1.36661, 0.828549) | Vel(-0.729195, -2.21936) | Acc(0.00582567, 0.0371891) | Fuel 99.9748% RPM [##############                ]
Pos(-1.38557, 0.770858) | Vel(-0.729114, -2.21843) | Acc(0.00106227, 0.0374019) | Fuel 99.9744% RPM [##############                ]
Pos(-1.40706, 0.69181) | Vel(-0.651985, -2.53562) | Acc(0.00107086, 0.0592935) | Fuel 99.974% RPM [###############               ]
Pos(-1.4186, 0.633493) | Vel(-0.459669, -2.62754) | Acc(-0.00475457, 0.0658197) | Fuel 99.9737% RPM [################              ]
Pos(-1.43148, 0.559948) | Vel(-0.459828, -2.62583) | Acc(-0.00745398, 0.0620078) | Fuel 99.9733% RPM [###############               ]
Pos(-1.44083, 0.487799) | Vel(-0.319457, -2.57048) | Acc(-0.0149561, 0.0522799) | Fuel 99.9731% RPM [###############               ]
Pos(-1.44339, 0.389726) | Vel(-0.0649373, -2.72729) | Acc(-0.0164587, 0.0491482) | Fuel 99.9729% RPM [################              ]
Pos(-1.43694, 0.312817) | Vel(0.310284, -2.75113) | Acc(-0.0126679, 0.0306902) | Fuel 99.9726% RPM [################              ]
Pos(-1.43073, 0.257801) | Vel(0.310022, -2.7505) | Acc(-0.0140777, 0.0338179) | Fuel 99.9724% RPM [################              ]
Pos(-1.41699, 0.175205) | Vel(0.647579, -2.55719) | Acc(-0.0130975, 0.0239447) | Fuel 99.9722% RPM [###############               ]
Pos(-1.39452, 0.0939196) | Vel(0.781834, -2.51574) | Acc(-0.0111253, 0.01552) | Fuel 99.972% RPM [###############               ]
Pos(-1.37431, 0.0343249) | Vel(0.892193, -2.45584) | Acc(-0.00841289, 0.00953003) | Fuel 99.9718% RPM [###############               ]
Pos(-1.34933, -0.0282663) | Vel(0.9856, -2.38968) | Acc(-0.00531073, 0.00779151) | Fuel 99.9716% RPM [###############               ]
Pos(-1.3243, -0.0833897) | Vel(1.06649, -2.12257) | Acc(-0.00492356, 0.00667858) | Fuel 99.9714% RPM [##############                ]
Pos(-1.29444, -0.142819) | Vel(1.06637, -2.12243) | Acc(-0.0049761, 0.00574026) | Fuel 99.9714% RPM [##############                ]
Pos(-1.26109, -0.200376) | Vel(1.29035, -1.91585) | Acc(-0.00401965, 0.00385018) | Fuel 99.971% RPM [#############                 ]
Pos(-1.22055, -0.258264) | Vel(1.44226, -1.95023) | Acc(-0.0052538, 0.00559137) | Fuel 99.9706% RPM [##############                ]
Pos(-1.16991, -0.32198) | Vel(1.60789, -1.99848) | Acc(-0.00624886, 0.0083247) | Fuel 99.9702% RPM [###############               ]
Pos(-1.1271, -0.374145) | Vel(1.49754, -1.80881) | Acc(-0.0111996, 0.0105031) | Fuel 99.9698% RPM [##############                ]
Pos(-1.10045, -0.405917) | Vel(1.43766, -1.65347) | Acc(-0.00603698, 0.00411137) | Fuel 99.9694% RPM [#############                 ]
Pos(-1.06594, -0.445599) | Vel(1.43755, -1.6534) | Acc(-0.00373193, 0.00297125) | Fuel 99.969% RPM [#############                 ]
Pos(-1.03057, -0.486525) | Vel(1.18775, -1.39554) | Acc(-0.0158185, 0.0215962) | Fuel 99.9686% RPM [###########                   ]
Pos(-1.00206, -0.520011) | Vel(1.18735, -1.39502) | Acc(-0.0170251, 0.0213614) | Fuel 99.9683% RPM [##########                    ]
Pos(-0.960228, -0.569177) | Vel(1.00979, -1.18824) | Acc(-0.0072808, 0.00653716) | Fuel 99.968% RPM [#########                     ]
Pos(-0.935994, -0.597694) | Vel(1.00972, -1.18823) | Acc(0.00348074, -0.00792804) | Fuel 99.9676% RPM [#########                     ]
Pos(-0.915799, -0.62146) | Vel(1.0098, -1.1884) | Acc(0.00359537, -0.00866629) | Fuel 99.9673% RPM [#########                     ]
Pos(-0.881499, -0.661968) | Vel(0.852933, -1.01431) | Acc(-0.000399496, -0.000799799) | Fuel 99.9671% RPM [#######                       ]
Pos(-0.858133, -0.689698) | Vel(0.751401, -0.881942) | Acc(0.000858022, -0.0056485) | Fuel 99.967% RPM [######                        ]
Pos(-0.83559, -0.716159) | Vel(0.751467, -0.882054) | Acc(0.000707854, 0.000586733) | Fuel 99.9668% RPM [######                        ]
Pos(-0.816351, -0.738015) | Vel(0.634911, -0.697546) | Acc(-0.00619035, 0.00338978) | Fuel 99.9664% RPM [#####                         ]
Pos(-0.805489, -0.752186) | Vel(0.361375, -0.536904) | Acc(-0.00889722, 0.0010164) | Fuel 99.9661% RPM [###                           ]
Pos(-0.798263, -0.762924) | Vel(0.361356, -0.536935) | Acc(0.00858252, -0.0043319) | Fuel 99.9659% RPM [###                           ]
Pos(-0.788141, -0.777959) | Vel(0.361569, -0.536967) | Acc(0.00492342, 0.00294559) | Fuel 99.9658% RPM [###                           ]
Pos(-0.781793, -0.790259) | Vel(0.189976, -0.412628) | Acc(0.00874535, -0.000407857) | Fuel 99.9658% RPM [##                            ]
Pos(-0.777561, -0.802429) | Vel(0.0887389, -0.32815) | Acc(0.000191205, -0.000586844) | Fuel 99.9656% RPM [##                            ]
Pos(-0.77401, -0.812179) | Vel(0.305017, -0.219828) | Acc(16.3856, -0.869803) | Fuel 99.9656% RPM [##                            ]
Pos(-0.760976, -0.818893) | Vel(0.568797, -0.257274) | Acc(6.57491, -1.21747) | Fuel 99.9655% RPM [###                           ]
Pos(-0.744278, -0.825726) | Vel(0.821056, -0.312541) | Acc(-0.020042, 0.00801305) | Fuel 99.9653% RPM [#####                         ]
Pos(-0.729502, -0.831351) | Vel(0.820791, -0.312482) | Acc(-0.0121673, 0.00335298) | Fuel 99.965% RPM [#####                         ]
Pos(-0.716371, -0.83635) | Vel(0.820568, -0.312384) | Acc(-0.0161659, 0.00841206) | Fuel 99.9647% RPM [#####                         ]
Pos(-0.680971, -0.84774) | Vel(0.960929, -0.287189) | Acc(-0.0514737, 0.0176881) | Fuel 99.9644% RPM [######                        ]
Pos(-0.649486, -0.856165) | Vel(0.863092, -0.166402) | Acc(-0.0505446, 0.0167951) | Fuel 99.964% RPM [#####                         ]
Pos(-0.620291, -0.861566) | Vel(0.832795, -0.106103) | Acc(-4.22729, 9.01705) | Fuel 99.9638% RPM [#####                         ]
Pos(-0.604374, -0.862282) | Vel(0.773373, 0.00610243) | Acc(-1.74789, 3.56116) | Fuel 99.9635% RPM [####                          ]
Pos(-0.585212, -0.861856) | Vel(1.03938, 0.0230632) | Acc(-0.0767127, 0.00244803) | Fuel 99.9633% RPM [######                        ]
Pos(-0.53863, -0.860585) | Vel(1.5453, 0.0787533) | Acc(72.9816, 16.8928) | Fuel 99.9631% RPM [########                      ]
Pos(-0.488092, -0.85643) | Vel(1.33516, 0.133015) | Acc(-0.148883, -0.0377997) | Fuel 99.9629% RPM [########                      ]
Pos(-0.458757, -0.853515) | Vel(1.33193, 0.132002) | Acc(-0.146455, -0.0534986) | Fuel 99.9628% RPM [########                      ]
Pos(-0.43638, -0.850824) | Vel(1.15622, 0.166635) | Acc(-0.145601, -0.0696363) | Fuel 99.9627% RPM [#######                       ]
Pos(-0.387285, -0.836812) | Vel(1.27992, 0.5171) | Acc(-0.138732, -0.102343) | Fuel 99.9626% RPM [########                      ]
Pos(-0.364267, -0.827277) | Vel(1.27947, 0.638456) | Acc(0.842686, 61.544) | Fuel 99.9622% RPM [########                      ]
Pos(-0.331906, -0.806439) | Vel(1.19942, 0.837845) | Acc(-0.101417, -0.114823) | Fuel 99.9619% RPM [########                      ]
Pos(-0.298923, -0.780977) | Vel(1.13327, 1.04428) | Acc(-0.0705627, -0.10519) | Fuel 99.9618% RPM [#########                     ]
Pos(-0.274115, -0.754874) | Vel(0.940356, 1.10138) | Acc(-0.0467174, -0.0847642) | Fuel 99.9618% RPM [########                      ]
Pos(-0.244596, -0.717885) | Vel(0.8133, 1.0591) | Acc(-0.0260315, -0.0656768) | Fuel 99.9617% RPM [########                      ]
Pos(-0.228014, -0.694811) | Vel(0.695017, 1.03939) | Acc(-0.0173422, -0.052372) | Fuel 99.9613% RPM [#######                       ]
Pos(-0.207076, -0.655041) | Vel(0.56145, 1.35002) | Acc(-5.64251, 27.895) | Fuel 99.9609% RPM [########                      ]
Pos(-0.190976, -0.60916) | Vel(0.521514, 1.65171) | Acc(-0.0052287, -0.0324517) | Fuel 99.9605% RPM [##########                    ]
Pos(-0.183757, -0.585425) | Vel(0.507715, 1.75367) | Acc(-0.00595712, -0.0391122) | Fuel 99.9601% RPM [##########                    ]
Pos(-0.166952, -0.505726) | Vel(0.288074, 1.96013) | Acc(-0.000958777, -0.0267456) | Fuel 99.9598% RPM [###########                   ]
Pos(-0.161487, -0.463814) | Vel(0.273246, 2.09529) | Acc(0.000650458, -0.0348479) | Fuel 99.9595% RPM [############                  ]
Pos(-0.157094, -0.419254) | Vel(0.205271, 2.25767) | Acc(0.00162936, -0.0438995) | Fuel 99.9593% RPM [#############                 ]
Pos(-0.153501, -0.355406) | Vel(0.119432, 2.27971) | Acc(0.00506786, -0.0476321) | Fuel 99.9591% RPM [#############                 ]
Pos(-0.153623, -0.278572) | Vel(-0.0695196, 2.29816) | Acc(0.00938194, -0.0449192) | Fuel 99.9589% RPM [#############                 ]
Pos(-0.159862, -0.208721) | Vel(-0.224664, 2.27632) | Acc(0.012366, -0.042686) | Fuel 99.9588% RPM [#############                 ]
Pos(-0.171794, -0.140447) | Vel(-0.468848, 2.27501) | Acc(0.0109745, -0.0305399) | Fuel 99.9587% RPM [#############                 ]
Pos(-0.19399, -0.0515383) | Vel(-0.587747, 2.01981) | Acc(-8.09652, -20.8032) | Fuel 99.9587% RPM [############                  ]
Pos(-0.209403, -0.000235954) | Vel(-0.598625, 1.90978) | Acc(0.00566584, -0.0108262) | Fuel 99.9586% RPM [############                  ]
Pos(-0.223756, 0.0419238) | Vel(-0.597876, 1.65851) | Acc(0.00504728, -0.00957492) | Fuel 99.9585% RPM [##########                    ]
Pos(-0.234517, 0.0717756) | Vel(-0.597793, 1.65837) | Acc(0.00481978, -0.00755805) | Fuel 99.9584% RPM [##########                    ]
Pos(-0.252254, 0.11714) | Vel(-0.583514, 1.35212) | Acc(0.00225516, -0.00134005) | Fuel 99.9581% RPM [########                      ]
Pos(-0.270744, 0.159719) | Vel(-0.537728, 1.17998) | Acc(0.000704631, -0.00247878) | Fuel 99.9579% RPM [#######                       ]
Pos(-0.282574, 0.185678) | Vel(-0.537718, 1.17994) | Acc(0.000875667, -0.00107362) | Fuel 99.9576% RPM [#######                       ]
Pos(-0.295626, 0.213736) | Vel(-0.479663, 1.01612) | Acc(-0.000375708, 0.000524071) | Fuel 99.9574% RPM [######                        ]
Pos(-0.311818, 0.245851) | Vel(-0.419836, 0.825038) | Acc(9.97275e-05, 0.00212945) | Fuel 99.9573% RPM [#####                         ]
Pos(-0.318479, 0.25884) | Vel(-0.321164, 0.619935) | Acc(0.00223582, -0.00181993) | Fuel 99.9571% RPM [####                          ]
Pos(-0.328756, 0.278679) | Vel(-0.321186, 0.62005) | Acc(-0.00164375, 0.00367424) | Fuel 99.9569% RPM [####                          ]
Pos(-0.335504, 0.291724) | Vel(-0.218167, 0.426454) | Acc(23.4665, -44.5353) | Fuel 99.9568% RPM [###                           ]
Pos(-0.341899, 0.303947) | Vel(-0.16139, 0.300008) | Acc(-0.000498941, -0.000387631) | Fuel 99.9566% RPM [##                            ]
Pos(-0.345213, 0.309757) | Vel(-0.117277, 0.200488) | Acc(-0.00233465, 0.00105255) | Fuel 99.9565% RPM [#                             ]
Pos(-0.347653, 0.313506) | Vel(-0.0789249, 0.115735) | Acc(0.000298658, -0.000153893) | Fuel 99.9563% RPM [                              ]
Pos(-0.347976, 0.31312) | Vel(0.0584549, -0.149031) | Acc(0.000460719, -0.00228239) | Fuel 99.9562% RPM [#                             ]
Pos(-0.346573, 0.309543) | Vel(0.0584503, -0.149031) | Acc(-0.000590801, 0.0026412) | Fuel 99.9561% RPM [                              ]
Pos(-0.343697, 0.303574) | Vel(0.125189, -0.252002) | Acc(0.000685103, -0.000886116) | Fuel 99.956% RPM [#                             ]
Pos(-0.337144, 0.291131) | Vel(0.233514, -0.43923) | Acc(0.000627466, -0.00183876) | Fuel 99.9558% RPM [##                            ]
Pos(-0.329569, 0.276806) | Vel(0.304184, -0.578596) | Acc(7.67649, -15.5167) | Fuel 99.9557% RPM [###                           ]
Pos(-0.321236, 0.260905) | Vel(0.332306, -0.635525) | Acc(0.000894708, 3.20096e-05) | Fuel 99.9556% RPM [####                          ]
Pos(-0.312244, 0.244104) | Vel(0.424784, -0.788874) | Acc(0.000154034, 0.000163414) | Fuel 99.9554% RPM [#####                         ]
Pos(-0.301562, 0.224532) | Vel(0.477684, -0.858947) | Acc(1.85199, -2.80021) | Fuel 99.9553% RPM [#####                         ]
Pos(-0.290565, 0.204207) | Vel(0.504769, -0.94457) | Acc(-0.0582093, -0.477436) | Fuel 99.9552% RPM [######                        ]
Pos(-0.272954, 0.170292) | Vel(0.528495, -1.04628) | Acc(-1.8407, 0.148933) | Fuel 99.955% RPM [#######                       ]
Pos(-0.257001, 0.137718) | Vel(0.492683, -1.02908) | Acc(0.0974922, -3.31534) | Fuel 99.9549% RPM [######                        ]
Pos(-0.248161, 0.119032) | Vel(0.48287, -1.03141) | Acc(0.59003, -3.60895) | Fuel 99.9548% RPM [######                        ]
Pos(-0.224478, 0.0686715) | Vel(0.563508, -1.16914) | Acc(4.53158, -4.62913) | Fuel 99.9544% RPM [#######                       ]
Pos(-0.216137, 0.0518506) | Vel(0.610123, -1.21514) | Acc(0.00326901, -0.00597799) | Fuel 99.954% RPM [########                      ]
Pos(-0.200145, 0.0207627) | Vel(0.695034, -1.34256) | Acc(0.00246459, -0.00338743) | Fuel 99.9536% RPM [#########                     ]
Pos(-0.179257, -0.0195156) | Vel(0.712795, -1.3428) | Acc(8.85926, -0.0798849) | Fuel 99.9532% RPM [#########                     ]
Pos(-0.156569, -0.0597211) | Vel(0.82295, -1.44967) | Acc(-0.000681316, 0.000912394) | Fuel 99.9528% RPM [##########                    ]
Pos(-0.134564, -0.0968985) | Vel(0.884149, -1.39887) | Acc(2.6811, 2.11791) | Fuel 99.9524% RPM [#########                     ]
Pos(-0.105241, -0.141091) | Vel(0.940892, -1.37421) | Acc(1.56666, 0.163319) | Fuel 99.952% RPM [#########                     ]
Pos(-0.0754403, -0.183394) | Vel(1.08569, -1.51327) | Acc(0.00203998, -0.0045363) | Fuel 99.9516% RPM [###########                   ]
Pos(-0.0493835, -0.219714) | Vel(1.08568, -1.5133) | Acc(-0.00287906, 0.00331102) | Fuel 99.9512% RPM [###########                   ]
Pos(-0.0168136, -0.265112) | Vel(1.08568, -1.51326) | Acc(0.00400401, -0.00272829) | Fuel 99.9508% RPM [###########                   ]
Pos(0.0146397, -0.308357) | Vel(1.20974, -1.66328) | Acc(-0.000698706, 1.07989e-05) | Fuel 99.9504% RPM [############                  ]
Pos(0.0466163, -0.350834) | Vel(1.36972, -1.8035) | Acc(-8.27407e-05, -0.000829407) | Fuel 99.95% RPM [#############                 ]
Pos(0.08297, -0.398512) | Vel(1.51491, -1.95751) | Acc(0.0026464, 0.000321066) | Fuel 99.9497% RPM [##############                ]
Pos(0.122358, -0.449407) | Vel(1.51491, -1.95748) | Acc(-0.00257695, 0.00150338) | Fuel 99.9495% RPM [##############                ]
Pos(0.171953, -0.510641) | Vel(1.56732, -1.88048) | Acc(0.664036, 1.37303) | Fuel 99.9493% RPM [##############                ]
Pos(0.228845, -0.577793) | Vel(1.58825, -1.85032) | Acc(-1.47714, 3.63051) | Fuel 99.9491% RPM [##############                ]
Pos(0.261744, -0.616629) | Vel(1.40844, -1.68743) | Acc(-8.24584, 7.87624) | Fuel 99.949% RPM [#############                 ]
Pos(0.294792, -0.656387) | Vel(1.33372, -1.61416) | Acc(0.00375522, -0.00363224) | Fuel 99.9489% RPM [############                  ]
Pos(0.329554, -0.697163) | Vel(1.33184, -1.51349) | Acc(-0.866846, 4.93637) | Fuel 99.9489% RPM [############                  ]
Pos(0.360431, -0.7317) | Vel(1.27999, -1.39809) | Acc(-0.527791, 3.88014) | Fuel 99.9489% RPM [###########                   ]
Pos(0.389727, -0.763602) | Vel(1.19275, -1.30504) | Acc(0.00644414, -0.00617444) | Fuel 99.9489% RPM [##########                    ]
Pos(0.427183, -0.80397) | Vel(1.07729, -1.09384) | Acc(-1.97952, 6.64512) | Fuel 99.9488% RPM [#########                     ]
Pos(0.455095, -0.831808) | Vel(0.959752, -0.959183) | Acc(0.0113887, -0.0091583) | Fuel 99.9488% RPM [########                      ]
Pos(0.482783, -0.858889) | Vel(0.819144, -0.807492) | Acc(0.0132137, -0.0102093) | Fuel 99.9487% RPM [######                        ]
Pos(0.502127, -0.877165) | Vel(0.636271, -0.616336) | Acc(0.0176336, -0.0117186) | Fuel 99.9485% RPM [#####                         ]
Pos(0.51933, -0.893316) | Vel(0.732539, -0.637093) | Acc(8.24105, -2.20074) | Fuel 99.9485% RPM [#####                         ]
Pos(0.545879, -0.915463) | Vel(0.664294, -0.624287) | Acc(0.0410443, -0.020661) | Fuel 99.9483% RPM [#####                         ]
Pos(0.559174, -0.927953) | Vel(0.665119, -0.624674) | Acc(0.0412889, -0.0181923) | Fuel 99.9482% RPM [#####                         ]
Pos(0.572069, -0.943993) | Vel(0.5752, -0.581674) | Acc(0.0893821, -0.0286598) | Fuel 99.948% RPM [####                          ]
Pos(0.58959, -0.96146) | Vel(0.690021, -0.584705) | Acc(56.2413, -1.16902) | Fuel 99.9479% RPM [####                          ]
Pos(0.611693, -0.977897) | Vel(0.790914, -0.587263) | Acc(0.119727, -0.0138448) | Fuel 99.9478% RPM [#####                         ]
Pos(0.640766, -0.996753) | Vel(1.05543, -0.591497) | Acc(0.164918, 0.00526327) | Fuel 99.9477% RPM [#######                       ]
Pos(0.667425, -1.01457) | Vel(0.687445, -0.59707) | Acc(0.23009, 0.0445031) | Fuel 99.9476% RPM [#####                         ]
Pos(0.686442, -1.03199) | Vel(0.557073, -0.551098) | Acc(0.289318, 0.115044) | Fuel 99.9475% RPM [####                          ]
Pos(0.704263, -1.046) | Vel(0.704579, -0.456106) | Acc(0.298598, 0.187415) | Fuel 99.9474% RPM [#####                         ]
Pos(0.728388, -1.06137) | Vel(0.713739, -0.4486) | Acc(0.244781, 0.251012) | Fuel 99.9473% RPM [#####                         ]
Pos(0.744284, -1.07061) | Vel(0.762368, -0.250699) | Acc(10.7026, 50.5182) | Fuel 99.9473% RPM [####                          ]
Pos(0.764575, -1.07475) | Vel(0.767275, -0.136655) | Acc(-8.22255, 10.1135) | Fuel 99.9472% RPM [####                          ]
Pos(0.782604, -1.07583) | Vel(0.673912, 0.0412787) | Acc(0.0941722, 0.465185) | Fuel 99.9471% RPM [####                          ]
Pos(0.80695, -1.07078) | Vel(0.675744, 0.269754) | Acc(-1.00815, 24.3075) | Fuel 99.9471% RPM [####                          ]
Pos(0.818989, -1.0654) | Vel(0.652371, 0.363087) | Acc(-0.144391, 0.548569) | Fuel 99.947% RPM [####                          ]
Pos(0.836747, -1.05257) | Vel(0.529384, 0.492081) | Acc(-0.26864, 0.464952) | Fuel 99.9469% RPM [####                          ]
Pos(0.849129, -1.03837) | Vel(0.432324, 0.589365) | Acc(-0.391637, 0.418271) | Fuel 99.9469% RPM [####                          ]
Pos(0.859368, -1.02095) | Vel(0.270811, 0.665751) | Acc(-0.52645, 0.332515) | Fuel 99.9468% RPM [####                          ]
Pos(0.865347, -0.990856) | Vel(0.0430229, 0.688529) | Acc(-0.56952, 0.0919601) | Fuel 99.9464% RPM [####                          ]
Pos(0.86061, -0.970213) | Vel(-0.280562, 0.685922) | Acc(-17.157, -0.538022) | Fuel 99.946% RPM [####                          ]
Pos(0.850731, -0.950068) | Vel(-0.414281, 0.644524) | Acc(-0.591984, -0.239605) | Fuel 99.9456% RPM [####                          ]
Pos(0.84232, -0.93724) | Vel(-0.425545, 0.638521) | Acc(-0.537635, -0.348712) | Fuel 99.9452% RPM [####                          ]
Pos(0.830984, -0.924907) | Vel(-0.577551, 0.484128) | Acc(-14.892, -19.4806) | Fuel 99.9448% RPM [####                          ]
Pos(0.812567, -0.917153) | Vel(-0.735377, 0.259323) | Acc(-0.324399, -0.559434) | Fuel 99.9444% RPM [####                          ]
Pos(0.793351, -0.91062) | Vel(-0.741666, 0.244233) | Acc(-0.174593, -0.60014) | Fuel 99.9441% RPM [####                          ]
Pos(0.769559, -0.90314) | Vel(-0.74418, 0.224275) | Acc(0.00840102, -0.63867) | Fuel 99.9437% RPM [####                          ]
Pos(0.744205, -0.904762) | Vel(-0.745221, -0.254872) | Acc(0.259873, -0.706246) | Fuel 99.9434% RPM [####                          ]
Pos(0.731066, -0.909893) | Vel(-0.62956, -0.477485) | Acc(55.2365, -105.907) | Fuel 99.943% RPM [####                          ]
Pos(0.717318, -0.920539) | Vel(-0.620667, -0.48898) | Acc(0.450252, -0.477491) | Fuel 99.9426% RPM [####                          ]
Pos(0.69255, -0.941619) | Vel(-0.550508, -0.496806) | Acc(-13.236, 8.70783) | Fuel 99.9422% RPM [####                          ]
Pos(0.670931, -0.95491) | Vel(-0.860457, -0.427406) | Acc(-13.0993, 0.196704) | Fuel 99.9418% RPM [#####                         ]
Pos(0.644072, -0.966061) | Vel(-1.09238, -0.429842) | Acc(0.537259, 0.0421323) | Fuel 99.9415% RPM [#######                       ]
Pos(0.621159, -0.977286) | Vel(-1.02096, -0.530203) | Acc(0.47552, 0.128464) | Fuel 99.9411% RPM [######                        ]
Pos(0.601167, -0.988863) | Vel(-0.855299, -0.523559) | Acc(0.397523, 0.187597) | Fuel 99.9407% RPM [######                        ]
Pos(0.581491, -1.00326) | Vel(-0.657714, -0.508993) | Acc(0.365627, 0.286836) | Fuel 99.9403% RPM [####                          ]
Pos(0.566135, -1.01524) | Vel(-0.488518, -0.434246) | Acc(80.9035, 33.8315) | Fuel 99.9399% RPM [####                          ]
Pos(0.551136, -1.02825) | Vel(-0.358891, -0.293468) | Acc(0.153403, 0.318906) | Fuel 99.9395% RPM [##                            ]
Pos(0.543988, -1.03405) | Vel(-0.356309, -0.286981) | Acc(0.110317, 0.330775) | Fuel 99.9391% RPM [##                            ]
Pos(0.536732, -1.0385) | Vel(-0.271931, -0.157473) | Acc(0.0498762, 0.369053) | Fuel 99.9387% RPM [#                             ]
Pos(0.528929, -1.03921) | Vel(-0.196954, 0.0869798) | Acc(-0.048703, 0.413603) | Fuel 99.9383% RPM [#                             ]
Pos(0.524177, -1.03699) | Vel(-0.199178, 0.0967284) | Acc(-0.129619, 0.399609) | Fuel 99.9379% RPM [#                             ]
Pos(0.519515, -1.03247) | Vel(-0.23253, 0.391623) | Acc(-0.150174, 0.29184) | Fuel 99.9375% RPM [##                            ]
Pos(0.51335, -1.02163) | Vel(-0.325418, 0.624183) | Acc(-0.161482, 0.209313) | Fuel 99.9371% RPM [####                          ]
Pos(0.507462, -1.01035) | Vel(-0.328487, 0.627732) | Acc(-0.175654, 0.186795) | Fuel 99.9367% RPM [####                          ]
Pos(0.497263, -0.991012) | Vel(-0.393414, 0.731827) | Acc(-7.8625, 13.112) | Fuel 99.9366% RPM [####                          ]
Pos(0.485739, -0.968555) | Vel(-0.329503, 0.697853) | Acc(-0.227544, 0.116186) | Fuel 99.9365% RPM [####                          ]
Pos(0.477961, -0.949966) | Vel(-0.173572, 0.604887) | Acc(33.2711, -16.8) | Fuel 99.9362% RPM [####                          ]
Pos(0.472808, -0.930707) | Vel(-0.322246, 0.526736) | Acc(-15.4636, -3.69992) | Fuel 99.936% RPM [###                           ]
Pos(0.463451, -0.917437) | Vel(-0.348925, 0.49677) | Acc(7.49527, -7.08842) | Fuel 99.9358% RPM [###                           ]
Pos(0.456511, -0.904516) | Vel(-0.156657, 0.4577) | Acc(19.2324, 0.353572) | Fuel 99.9355% RPM [##                            ]
Pos(0.455852, -0.893395) | Vel(0.328809, 0.464753) | Acc(83.5462, -0.879376) | Fuel 99.9351% RPM [###                           ]
Pos(0.465912, -0.879407) | Vel(0.466563, 0.50181) | Acc(71.5049, 19.5601) | Fuel 99.9348% RPM [###                           ]
Pos(0.488574, -0.860232) | Vel(0.71083, 0.630483) | Acc(21.8571, 35.0963) | Fuel 99.9345% RPM [#####                         ]
Pos(0.506927, -0.841431) | Vel(0.848132, 0.882996) | Acc(-0.137619, -0.122953) | Fuel 99.9341% RPM [#######                       ]
Pos(0.537682, -0.807327) | Vel(0.867074, 1.06248) | Acc(-0.118434, -0.150689) | Fuel 99.9338% RPM [########                      ]
Pos(0.555069, -0.784349) | Vel(0.874661, 1.31598) | Acc(-0.0884876, -0.140626) | Fuel 99.9334% RPM [#########                     ]
Pos(0.574327, -0.752322) | Vel(0.875578, 1.60445) | Acc(-0.0607389, -0.124582) | Fuel 99.9331% RPM [##########                    ]
Pos(0.598753, -0.702796) | Vel(0.865089, 1.91929) | Acc(-0.0545445, -0.159036) | Fuel 99.9327% RPM [############                  ]
Pos(0.620742, -0.644518) | Vel(0.694957, 2.1614) | Acc(-0.0291205, -0.136249) | Fuel 99.9323% RPM [#############                 ]
Pos(0.635602, -0.595793) | Vel(0.659262, 2.25924) | Acc(-0.0132583, -0.141982) | Fuel 99.932% RPM [##############                ]
Pos(0.650423, -0.539886) | Vel(0.603648, 2.35185) | Acc(0.00295091, -0.148248) | Fuel 99.9316% RPM [##############                ]
Pos(0.65989, -0.495977) | Vel(0.526027, 2.43819) | Acc(0.0148347, -0.151406) | Fuel 99.9312% RPM [##############                ]
Pos(0.670073, -0.435791) | Vel(0.323661, 2.51294) | Acc(-50.3902, 0.0505561) | Fuel 99.9308% RPM [###############               ]
Pos(0.673926, -0.369498) | Vel(0.0673642, 2.59267) | Acc(0.0363869, -0.112193) | Fuel 99.9305% RPM [###############               ]
Pos(0.674314, -0.322708) | Vel(-0.203528, 2.63581) | Acc(-63.6498, 9.49836) | Fuel 99.9301% RPM [###############               ]
Pos(0.669444, -0.259479) | Vel(-0.202436, 2.63348) | Acc(0.0476575, -0.0926313) | Fuel 99.9298% RPM [###############               ]
Pos(0.661529, -0.191311) | Vel(-0.44196, 2.60699) | Acc(0.0400542, -0.0587896) | Fuel 99.9295% RPM [###############               ]
Pos(0.644202, -0.123534) | Vel(-0.783512, 2.60648) | Acc(0.0373785, -0.0493715) | Fuel 99.9292% RPM [################              ]
Pos(0.615922, -0.0507397) | Vel(-1.13233, 2.59604) | Acc(0.0379917, -0.0400049) | Fuel 99.9288% RPM [################              ]
Pos(0.58197, 0.0271235) | Vel(-1.13116, 2.59492) | Acc(0.0421551, -0.0372466) | Fuel 99.9285% RPM [################              ]
Pos(0.52669, 0.127356) | Vel(-1.44241, 2.48384) | Acc(0.0376925, -0.0296165) | Fuel 99.9282% RPM [#################             ]
Pos(0.481226, 0.193805) | Vel(-1.72166, 2.31444) | Acc(0.0148205, -0.00964479) | Fuel 99.9279% RPM [#################             ]
Pos(0.443193, 0.243654) | Vel(-1.74607, 2.13927) | Acc(0.00690276, -0.00381524) | Fuel 99.9276% RPM [################              ]
Pos(0.387354, 0.309448) | Vel(-1.74381, 1.96257) | Acc(-0.000125563, 0.00184253) | Fuel 99.9275% RPM [###############               ]
Pos(0.338682, 0.362432) | Vel(-1.72979, 1.78478) | Acc(-0.0018225, 0.00361047) | Fuel 99.9274% RPM [##############                ]
Pos(0.274091, 0.42786) | Vel(-1.63847, 1.61664) | Acc(0.00243455, -0.00113052) | Fuel 99.9273% RPM [#############                 ]
Pos(0.231869, 0.469425) | Vel(-1.57553, 1.53861) | Acc(0.00578313, -0.00537411) | Fuel 99.9272% RPM [#############                 ]
Pos(0.170254, 0.521679) | Vel(-1.61856, 1.3092) | Acc(0.00894005, -0.00656869) | Fuel 99.9272% RPM [############                  ]
Pos(0.109163, 0.570939) | Vel(-1.46793, 1.19567) | Acc(0.0103548, -0.00715939) | Fuel 99.927% RPM [###########                   ]
Pos(0.0680451, 0.605272) | Vel(-1.31015, 1.1142) | Acc(0.0149224, -0.0129581) | Fuel 99.9268% RPM [##########                    ]
Pos(0.0412874, 0.629476) | Vel(-1.36113, 1.30691) | Acc(-1.37705, 8.63232) | Fuel 99.9267% RPM [###########                   ]
Pos(0.0112767, 0.659847) | Vel(-1.36173, 1.43204) | Acc(0.511011, 4.62534) | Fuel 99.9265% RPM [###########                   ]
Pos(-0.0209701, 0.695338) | Vel(-1.28823, 1.47236) | Acc(0.0160355, -0.0171104) | Fuel 99.9263% RPM [###########                   ]
Pos(-0.0539209, 0.733233) | Vel(-1.18224, 1.39737) | Acc(0.0190713, -0.0211713) | Fuel 99.9259% RPM [##########                    ]
Pos(-0.0923925, 0.780052) | Vel(-1.23519, 1.57467) | Acc(0.0223175, -0.0293764) | Fuel 99.9255% RPM [############                  ]
Pos(-0.123965, 0.822909) | Vel(-1.12584, 1.61794) | Acc(0.0249845, -0.0372305) | Fuel 99.9251% RPM [###########                   ]
Pos(-0.157896, 0.873016) | Vel(-1.14177, 1.77545) | Acc(0.0264302, -0.0465649) | Fuel 99.9247% RPM [############                  ]
Pos(-0.185102, 0.918082) | Vel(-1.13173, 1.89772) | Acc(0.0270856, -0.057944) | Fuel 99.9243% RPM [#############                 ]
Pos(-0.212732, 0.970486) | Vel(-0.976613, 1.86923) | Acc(0.0188751, -0.0545309) | Fuel 99.9239% RPM [############                  ]
Pos(-0.220531, 0.986646) | Vel(-0.974292, 2.07018) | Acc(0.0238357, -0.0690984) | Fuel 99.9235% RPM [#############                 ]
Pos(-0.256225, 1.07116) | Vel(-0.833188, 2.26547) | Acc(0.0171914, -0.0809302) | Fuel 99.9231% RPM [##############                ]
Pos(-0.279407, 1.13791) | Vel(-0.822678, 2.50277) | Acc(0.0109516, -0.102087) | Fuel 99.9227% RPM [###############               ]
Pos(-0.299818, 1.20694) | Vel(-0.685051, 2.44714) | Acc(-0.00136054, -0.0935093) | Fuel 99.9224% RPM [###############               ]
Pos(-0.310947, 1.25389) | Vel(-0.618315, 2.6074) | Acc(-0.00772615, -0.108655) | Fuel 99.9221% RPM [################              ]
Pos(-0.336435, 1.38666) | Vel(-0.442512, 2.58386) | Acc(-0.031483, -0.111945) | Fuel 99.9221% RPM [###############               ]
Pos(-0.343719, 1.43862) | Vel(-0.285874, 2.61302) | Acc(-0.0380012, -0.103676) | Fuel 99.9221% RPM [###############               ]
Pos(-0.346964, 1.49609) | Vel(-0.0958318, 2.61162) | Acc(-0.0405122, -0.0868335) | Fuel 99.922% RPM [###############               ]
Pos(-0.346898, 1.56839) | Vel(0.139398, 2.3019) | Acc(36.236, -147.405) | Fuel 99.9218% RPM [###############               ]
Pos(-0.342465, 1.642) | Vel(0.137761, 2.29931) | Acc(-0.0529724, -0.0697743) | Fuel 99.9215% RPM [#############                 ]
Pos(-0.338904, 1.70176) | Vel(0.136251, 2.29761) | Acc(-0.0635942, -0.0633405) | Fuel 99.9211% RPM [#############                 ]
Pos(-0.335, 1.75949) | Vel(0.140027, 1.98394) | Acc(-0.0313846, -0.0225039) | Fuel 99.9207% RPM [###########                   ]
Pos(-0.331681, 1.80511) | Vel(0.136724, 1.81741) | Acc(-0.019792, -0.0125961) | Fuel 99.9203% RPM [##########                    ]
Pos(-0.32842, 1.84769) | Vel(0.13375, 1.64533) | Acc(-0.0104278, -0.00522873) | Fuel 99.9199% RPM [#########                     ]
Pos(-0.324119, 1.90072) | Vel(0.120123, 1.48377) | Acc(-0.00177676, 0.00268931) | Fuel 99.9195% RPM [########                      ]
Pos(-0.321339, 1.93778) | Vel(0.0858839, 1.33125) | Acc(-0.000840506, -0.000555556) | Fuel 99.9191% RPM [########                      ]
Pos(-0.319623, 1.9686) | Vel(0.0427322, 1.19103) | Acc(0.000367417, 0.00109642) | Fuel 99.9187% RPM [#######                       ]
Pos(-0.319943, 1.98893) | Vel(-0.229755, 0.913893) | Acc(-0.0100656, -0.0108717) | Fuel 99.9183% RPM [#####                         ]
Pos(-0.325921, 2.01269) | Vel(-0.230023, 0.91361) | Acc(-0.010491, -0.0108688) | Fuel 99.9179% RPM [#####                         ]
Pos(-0.332818, 2.0401) | Vel(-0.229718, 0.913759) | Acc(0.0131978, 0.00893774) | Fuel 99.9175% RPM [#####                         ]
Pos(-0.336033, 2.05289) | Vel(-0.229568, 0.913874) | Acc(0.00871246, 0.00757403) | Fuel 99.9171% RPM [#####                         ]
Pos(-0.353043, 2.09991) | Vel(-0.457034, 0.544774) | Acc(-0.00720705, -0.00169397) | Fuel 99.9167% RPM [####                          ]
Pos(-0.3631, 2.11189) | Vel(-0.457193, 0.544734) | Acc(-0.0072406, -0.00186153) | Fuel 99.9163% RPM [####                          ]
Pos(-0.372243, 2.12279) | Vel(-0.457188, 0.544713) | Acc(-0.00337679, -0.00775827) | Fuel 99.9159% RPM [####                          ]
Pos(-0.402079, 2.13946) | Vel(-0.648588, 0.36253) | Acc(-0.00203071, -0.000617002) | Fuel 99.9155% RPM [####                          ]
Pos(-0.414071, 2.14349) | Vel(-0.956618, 0.024928) | Acc(-0.0111751, -0.00902668) | Fuel 99.9151% RPM [#####                         ]
Pos(-0.456173, 2.14458) | Vel(-0.956983, 0.0246103) | Acc(0.0186283, 0.0145227) | Fuel 99.9147% RPM [#####                         ]
Pos(-0.477223, 2.14513) | Vel(-0.956712, 0.0248391) | Acc(0.0062706, 0.00622816) | Fuel 99.9143% RPM [#####                         ]
Pos(-0.504011, 2.14582) | Vel(-0.956771, 0.0248469) | Acc(-0.0101369, -0.00561761) | Fuel 99.9139% RPM [#####                         ]
Pos(-0.536271, 2.14226) | Vel(-1.21861, -0.29878) | Acc(-0.0253566, -0.0174425) | Fuel 99.9135% RPM [#######                       ]
Pos(-0.566107, 2.13352) | Vel(-1.29586, -0.516051) | Acc(-16.9688, -51.7537) | Fuel 99.9131% RPM [#######                       ]
Pos(-0.576475, 2.12939) | Vel(-1.296, -0.516187) | Acc(-0.0153182, -0.015935) | Fuel 99.9127% RPM [########                      ]
Pos(-0.657536, 2.09336) | Vel(-1.33677, -0.751202) | Acc(-0.00288445, -0.0112242) | Fuel 99.9123% RPM [#########                     ]
Pos(-0.681599, 2.07983) | Vel(-1.33688, -0.751396) | Acc(-0.00881932, -0.0115288) | Fuel 99.9119% RPM [#########                     ]
Pos(-0.713885, 2.05885) | Vel(-1.35513, -1.01543) | Acc(-0.00626721, -0.0110119) | Fuel 99.9115% RPM [##########                    ]
Pos(-0.753582, 2.02474) | Vel(-1.43789, -1.29479) | Acc(-0.0155062, -0.0301161) | Fuel 99.9111% RPM [###########                   ]
Pos(-0.796726, 1.98588) | Vel(-1.43839, -1.29556) | Acc(-0.0177398, -0.0221297) | Fuel 99.9107% RPM [###########                   ]
Pos(-0.845916, 1.93422) | Vel(-1.44844, -1.55818) | Acc(-0.0267258, -0.0498907) | Fuel 99.9103% RPM [############                  ]
Pos(-0.877814, 1.8987) | Vel(-1.45389, -1.796) | Acc(-1.15948, -55.4302) | Fuel 99.9099% RPM [#############                 ]
Pos(-0.927158, 1.83694) | Vel(-1.43707, -1.90552) | Acc(-0.0270149, -0.111646) | Fuel 99.9095% RPM [##############                ]
Pos(-0.961139, 1.78967) | Vel(-1.4053, -2.00206) | Acc(-0.0180729, -0.1313) | Fuel 99.9091% RPM [##############                ]
Pos(-1.00449, 1.72342) | Vel(-1.26077, -2.1575) | Acc(42.1226, -34.4387) | Fuel 99.9087% RPM [##############                ]
Pos(-1.03644, 1.66683) | Vel(-1.15647, -2.21642) | Acc(0.0418763, -0.21405) | Fuel 99.9083% RPM [##############                ]
Pos(-1.06568, 1.60891) | Vel(-1.02014, -2.25696) | Acc(0.0896285, -0.243848) | Fuel 99.9079% RPM [##############                ]
Pos(-1.08332, 1.55691) | Vel(-0.702914, -2.41304) | Acc(0.12136, -0.228257) | Fuel 99.9075% RPM [###############               ]
Pos(-1.10294, 1.48926) | Vel(-0.699163, -2.41886) | Acc(0.144731, -0.193231) | Fuel 99.9071% RPM [###############               ]
Pos(-1.12384, 1.4166) | Vel(-0.694262, -2.42435) | Acc(0.181283, -0.174891) | Fuel 99.9067% RPM [###############               ]
Pos(-1.13297, 1.3631) | Vel(-0.284763, -2.43643) | Acc(0.314191, -0.216083) | Fuel 99.9063% RPM [##############                ]
Pos(-1.14188, 1.27057) | Vel(-0.0642355, -2.41822) | Acc(0.431664, -0.144164) | Fuel 99.9059% RPM [##############                ]
Pos(-1.14048, 1.17471) | Vel(0.312945, -2.32647) | Acc(0.442162, 0.00029658) | Fuel 99.9055% RPM [##############                ]
Pos(-1.13153, 1.10959) | Vel(0.32513, -2.32501) | Acc(0.417198, 0.0937308) | Fuel 99.9051% RPM [##############                ]
Pos(-1.12427, 1.05847) | Vel(0.334159, -2.32209) | Acc(0.40457, 0.166009) | Fuel 99.9048% RPM [##############                ]
Pos(-1.11692, 1.0187) | Vel(0.499942, -2.06978) | Acc(0.465317, 0.276992) | Fuel 99.9045% RPM [############                  ]
Pos(-1.10069, 0.952638) | Vel(0.513266, -2.05886) | Acc(0.367718, 0.394667) | Fuel 99.9042% RPM [############                  ]
Pos(-1.07766, 0.886048) | Vel(0.610284, -1.7448) | Acc(0.204031, 0.437539) | Fuel 99.9039% RPM [###########                   ]
Pos(-1.06542, 0.851251) | Vel(0.613631, -1.73571) | Acc(0.136966, 0.467963) | Fuel 99.9037% RPM [###########                   ]
Pos(-1.05303, 0.820917) | Vel(0.620974, -1.45824) | Acc(0.0543764, 0.585753) | Fuel 99.9035% RPM [#########                     ]
Pos(-1.0306, 0.774496) | Vel(0.623028, -1.19999) | Acc(-0.156613, 0.636458) | Fuel 99.9034% RPM [########                      ]
Pos(-1.01818, 0.750634) | Vel(0.618542, -1.18764) | Acc(-0.27923, 0.599389) | Fuel 99.9033% RPM [########                      ]
Pos(-1.00233, 0.724815) | Vel(0.601174, -0.802171) | Acc(-0.455167, 0.547265) | Fuel 99.9032% RPM [######                        ]
Pos(-0.982904, 0.699037) | Vel(0.376777, -0.481481) | Acc(-0.483549, 0.280776) | Fuel 99.9031% RPM [###                           ]
Pos(-0.971123, 0.683752) | Vel(0.360331, -0.475053) | Acc(-0.52371, 0.122497) | Fuel 99.903% RPM [###                           ]
Pos(-0.964034, 0.67427) | Vel(0.349605, -0.473608) | Acc(-0.545261, 0.030211) | Fuel 99.9029% RPM [###                           ]
Pos(-0.959669, 0.665172) | Vel(0.0948021, -0.373144) | Acc(-0.447984, -0.0566521) | Fuel 99.9029% RPM [##                            ]
Pos(-0.956552, 0.651668) | Vel(0.0794385, -0.377549) | Acc(-0.413165, -0.178286) | Fuel 99.9028% RPM [##                            ]
Pos(-0.960745, 0.63947) | Vel(-0.13384, -0.361501) | Acc(-0.304375, -0.228511) | Fuel 99.9028% RPM [##                            ]
Pos(-0.968667, 0.634051) | Vel(-0.397936, -0.193652) | Acc(-0.189325, -0.195767) | Fuel 99.9027% RPM [##                            ]
Pos(-0.977871, 0.630973) | Vel(-0.43954, -0.0794521) | Acc(-1.46683, 4.17823) | Fuel 99.9027% RPM [##                            ]
Pos(-0.99252, 0.628431) | Vel(-0.488587, -0.166141) | Acc(-0.0881634, -0.177814) | Fuel 99.9027% RPM [###                           ]
Pos(-1.01339, 0.618043) | Vel(-0.502026, -0.310767) | Acc(-0.043605, -0.174809) | Fuel 99.9026% RPM [###                           ]
Pos(-1.02081, 0.613154) | Vel(-0.437181, -0.274925) | Acc(-0.0249123, -0.148633) | Fuel 99.9026% RPM [###                           ]
Pos(-1.02902, 0.608131) | Vel(-0.376212, -0.224308) | Acc(3.0359, 1.92712) | Fuel 99.9026% RPM [##                            ]
Pos(-1.03982, 0.599679) | Vel(-0.353293, -0.322082) | Acc(0.00735099, -0.12816) | Fuel 99.9025% RPM [##                            ]
Pos(-1.05023, 0.588993) | Vel(-0.263319, -0.281381) | Acc(2.46083, 1.69564) | Fuel 99.9025% RPM [##                            ]
Pos(-1.0563, 0.580842) | Vel(-0.211292, -0.359706) | Acc(0.0294941, -0.0965398) | Fuel 99.9025% RPM [##                            ]
Pos(-1.061, 0.571674) | Vel(-0.161924, -0.314522) | Acc(1.34279, 2.2092) | Fuel 99.9025% RPM [##                            ]
Pos(-1.06432, 0.563838) | Vel(-0.109517, -0.35234) | Acc(3.81124, -5.03469) | Fuel 99.9024% RPM [##                            ]
Pos(-1.06755, 0.54952) | Vel(-0.0429362, -0.341656) | Acc(0.230565, 2.97565) | Fuel 99.9024% RPM [##                            ]
Pos(-1.06815, 0.542209) | Vel(-0.00552746, -0.337269) | Acc(2.5541, 0.0518263) | Fuel 99.9024% RPM [##                            ]
Pos(-1.06785, 0.533662) | Vel(0.031813, -0.328023) | Acc(4.06257, -2.91364) | Fuel 99.9023% RPM [#                             ]
Pos(-1.06681, 0.526634) | Vel(0.0609543, -0.313911) | Acc(3.38378, -1.60444) | Fuel 99.9023% RPM [#                             ]
Pos(-1.06462, 0.518518) | Vel(0.100956, -0.30421) | Acc(1.55189, 0.659883) | Fuel 99.9023% RPM [#                             ]
Pos(-1.05942, 0.506274) | Vel(0.142587, -0.279668) | Acc(1.01061, 0.648012) | Fuel 99.9022% RPM [#                             ]
Pos(-1.05702, 0.501879) | Vel(0.156369, -0.27236) | Acc(0.715859, 0.740817) | Fuel 99.9022% RPM [#                             ]
Pos(-1.0513, 0.492956) | Vel(0.177873, -0.252751) | Acc(0.654481, 0.62598) | Fuel 99.9022% RPM [#                             ]
Pos(-1.04761, 0.488022) | Vel(0.188574, -0.241478) | Acc(0.00690698, 0.753758) | Fuel 99.9021% RPM [#                             ]
Pos(-1.04291, 0.482378) | Vel(0.202513, -0.230369) | Acc(0.4027, 0.636298) | Fuel 99.9021% RPM [#                             ]
Pos(-1.03662, 0.475731) | Vel(0.21563, -0.214199) | Acc(0.387384, 0.555777) | Fuel 99.9021% RPM [#                             ]
Pos(-1.03087, 0.470345) | Vel(0.225971, -0.201354) | Acc(0.32626, 0.535857) | Fuel 99.902% RPM [#                             ]
Pos(-1.02582, 0.466051) | Vel(0.232207, -0.190165) | Acc(-0.132101, 0.535584) | Fuel 99.902% RPM [#                             ]
Pos(-1.01819, 0.46022) | Vel(0.243252, -0.175217) | Acc(0.295555, 0.462829) | Fuel 99.902% RPM [#                             ]
Pos(-1.00874, 0.453908) | Vel(0.253331, -0.157999) | Acc(0.241205, 0.444306) | Fuel 99.9019% RPM [#                             ]
Pos(-1.00465, 0.451444) | Vel(0.25702, -0.150964) | Acc(0.222512, 0.436095) | Fuel 99.9019% RPM [#                             ]
Pos(-0.998415, 0.447955) | Vel(0.262026, -0.140615) | Acc(0.197411, 0.427439) | Fuel 99.9019% RPM [#                             ]
Pos(-0.989929, 0.443685) | Vel(0.267841, -0.127182) | Acc(0.168643, 0.412081) | Fuel 99.9018% RPM [#                             ]
